<?xml version="1.0" encoding="UTF-8"?>
<!-- Generated by org.testng.reporters.JUnitReportReporter -->
<testsuite hostname="DESKTOP-9HD1UFT" name="driverFactory.DriverScript" tests="1" failures="0" timestamp="25 May 2022 02:19:36 GMT" time="78.456" errors="0">
  <testcase name="startTest" time="78.456" classname="driverFactory.DriverScript"/>
</testsuite> <!-- driverFactory.DriverScript -->
